<?xml version="1.0" encoding="UTF-8"?>
<!-- Generated by org.testng.reporters.JUnitReportReporter -->
<testsuite hostname="DESKTOP-JDM3JRL" failures="0" tests="1" name="TestLayer.swagLabPageTest" time="5.063" errors="0" timestamp="2023-07-29T20:12:36 IST" skipped="0">
  <testcase classname="TestLayer.swagLabPageTest" name="ValidateswagLabPageFunctionality" time="5.063"/>
  <system-out/>
</testsuite> <!-- TestLayer.swagLabPageTest -->
