<?xml version="1.0" encoding="UTF-8"?>
<!-- Generated by org.testng.reporters.JUnitReportReporter -->
<testsuite hostname="DESKTOP-JDM3JRL" failures="0" tests="1" name="TestLayer.LoginPageTest" time="1.393" errors="0" timestamp="2023-07-29T20:12:36 IST" skipped="0">
  <testcase classname="TestLayer.LoginPageTest" name="validateLoginPageFunctionality" time="1.393"/>
  <system-out/>
</testsuite> <!-- TestLayer.LoginPageTest -->
